<?xml version="1.0" encoding="UTF-8"?>
<testsuite xmlns:xsi="http://www.w3.org/2001/XMLSchema-instance" xsi:noNamespaceSchemaLocation="https://maven.apache.org/surefire/maven-surefire-plugin/xsd/surefire-test-report.xsd" version="3.0.1" name="TestSuite" time="15.735" tests="2" errors="0" skipped="0" failures="0">
  <properties>
    <property name="java.specification.version" value="21"/>
    <property name="sun.cpu.isalist" value="amd64"/>
    <property name="sun.jnu.encoding" value="Cp1252"/>
    <property name="java.class.path" value="C:\Test_Automation\software\eclipse\test\target\test-classes;C:\Test_Automation\software\eclipse\test\target\classes;C:\ProgramData\Jenkins\.jenkins\workspace\Seleniu__Maven\.repository\org\seleniumhq\selenium\selenium-java\4.22.0\selenium-java-4.22.0.jar;C:\ProgramData\Jenkins\.jenkins\workspace\Seleniu__Maven\.repository\org\seleniumhq\selenium\selenium-api\4.22.0\selenium-api-4.22.0.jar;C:\ProgramData\Jenkins\.jenkins\workspace\Seleniu__Maven\.repository\org\seleniumhq\selenium\selenium-chrome-driver\4.22.0\selenium-chrome-driver-4.22.0.jar;C:\ProgramData\Jenkins\.jenkins\workspace\Seleniu__Maven\.repository\com\google\auto\service\auto-service-annotations\1.1.1\auto-service-annotations-1.1.1.jar;C:\ProgramData\Jenkins\.jenkins\workspace\Seleniu__Maven\.repository\org\seleniumhq\selenium\selenium-chromium-driver\4.22.0\selenium-chromium-driver-4.22.0.jar;C:\ProgramData\Jenkins\.jenkins\workspace\Seleniu__Maven\.repository\org\seleniumhq\selenium\selenium-json\4.22.0\selenium-json-4.22.0.jar;C:\ProgramData\Jenkins\.jenkins\workspace\Seleniu__Maven\.repository\org\seleniumhq\selenium\selenium-manager\4.22.0\selenium-manager-4.22.0.jar;C:\ProgramData\Jenkins\.jenkins\workspace\Seleniu__Maven\.repository\org\seleniumhq\selenium\selenium-devtools-v124\4.22.0\selenium-devtools-v124-4.22.0.jar;C:\ProgramData\Jenkins\.jenkins\workspace\Seleniu__Maven\.repository\org\seleniumhq\selenium\selenium-devtools-v125\4.22.0\selenium-devtools-v125-4.22.0.jar;C:\ProgramData\Jenkins\.jenkins\workspace\Seleniu__Maven\.repository\org\seleniumhq\selenium\selenium-devtools-v126\4.22.0\selenium-devtools-v126-4.22.0.jar;C:\ProgramData\Jenkins\.jenkins\workspace\Seleniu__Maven\.repository\org\seleniumhq\selenium\selenium-devtools-v85\4.22.0\selenium-devtools-v85-4.22.0.jar;C:\ProgramData\Jenkins\.jenkins\workspace\Seleniu__Maven\.repository\org\seleniumhq\selenium\selenium-edge-driver\4.22.0\selenium-edge-driver-4.22.0.jar;C:\ProgramData\Jenkins\.jenkins\workspace\Seleniu__Maven\.repository\org\seleniumhq\selenium\selenium-firefox-driver\4.22.0\selenium-firefox-driver-4.22.0.jar;C:\ProgramData\Jenkins\.jenkins\workspace\Seleniu__Maven\.repository\org\seleniumhq\selenium\selenium-http\4.22.0\selenium-http-4.22.0.jar;C:\ProgramData\Jenkins\.jenkins\workspace\Seleniu__Maven\.repository\dev\failsafe\failsafe\3.3.2\failsafe-3.3.2.jar;C:\ProgramData\Jenkins\.jenkins\workspace\Seleniu__Maven\.repository\org\seleniumhq\selenium\selenium-ie-driver\4.22.0\selenium-ie-driver-4.22.0.jar;C:\ProgramData\Jenkins\.jenkins\workspace\Seleniu__Maven\.repository\org\seleniumhq\selenium\selenium-remote-driver\4.22.0\selenium-remote-driver-4.22.0.jar;C:\ProgramData\Jenkins\.jenkins\workspace\Seleniu__Maven\.repository\com\google\guava\guava\33.2.1-jre\guava-33.2.1-jre.jar;C:\ProgramData\Jenkins\.jenkins\workspace\Seleniu__Maven\.repository\com\google\guava\failureaccess\1.0.2\failureaccess-1.0.2.jar;C:\ProgramData\Jenkins\.jenkins\workspace\Seleniu__Maven\.repository\com\google\guava\listenablefuture\9999.0-empty-to-avoid-conflict-with-guava\listenablefuture-9999.0-empty-to-avoid-conflict-with-guava.jar;C:\ProgramData\Jenkins\.jenkins\workspace\Seleniu__Maven\.repository\com\google\code\findbugs\jsr305\3.0.2\jsr305-3.0.2.jar;C:\ProgramData\Jenkins\.jenkins\workspace\Seleniu__Maven\.repository\org\checkerframework\checker-qual\3.42.0\checker-qual-3.42.0.jar;C:\ProgramData\Jenkins\.jenkins\workspace\Seleniu__Maven\.repository\com\google\errorprone\error_prone_annotations\2.26.1\error_prone_annotations-2.26.1.jar;C:\ProgramData\Jenkins\.jenkins\workspace\Seleniu__Maven\.repository\com\google\j2objc\j2objc-annotations\3.0.0\j2objc-annotations-3.0.0.jar;C:\ProgramData\Jenkins\.jenkins\workspace\Seleniu__Maven\.repository\io\opentelemetry\semconv\opentelemetry-semconv\1.25.0-alpha\opentelemetry-semconv-1.25.0-alpha.jar;C:\ProgramData\Jenkins\.jenkins\workspace\Seleniu__Maven\.repository\io\opentelemetry\opentelemetry-api\1.39.0\opentelemetry-api-1.39.0.jar;C:\ProgramData\Jenkins\.jenkins\workspace\Seleniu__Maven\.repository\io\opentelemetry\opentelemetry-context\1.39.0\opentelemetry-context-1.39.0.jar;C:\ProgramData\Jenkins\.jenkins\workspace\Seleniu__Maven\.repository\io\opentelemetry\opentelemetry-exporter-logging\1.39.0\opentelemetry-exporter-logging-1.39.0.jar;C:\ProgramData\Jenkins\.jenkins\workspace\Seleniu__Maven\.repository\io\opentelemetry\opentelemetry-sdk-common\1.39.0\opentelemetry-sdk-common-1.39.0.jar;C:\ProgramData\Jenkins\.jenkins\workspace\Seleniu__Maven\.repository\io\opentelemetry\opentelemetry-sdk-extension-autoconfigure-spi\1.39.0\opentelemetry-sdk-extension-autoconfigure-spi-1.39.0.jar;C:\ProgramData\Jenkins\.jenkins\workspace\Seleniu__Maven\.repository\io\opentelemetry\opentelemetry-sdk-extension-autoconfigure\1.39.0\opentelemetry-sdk-extension-autoconfigure-1.39.0.jar;C:\ProgramData\Jenkins\.jenkins\workspace\Seleniu__Maven\.repository\io\opentelemetry\opentelemetry-api-incubator\1.39.0-alpha\opentelemetry-api-incubator-1.39.0-alpha.jar;C:\ProgramData\Jenkins\.jenkins\workspace\Seleniu__Maven\.repository\io\opentelemetry\opentelemetry-sdk-trace\1.39.0\opentelemetry-sdk-trace-1.39.0.jar;C:\ProgramData\Jenkins\.jenkins\workspace\Seleniu__Maven\.repository\io\opentelemetry\opentelemetry-sdk\1.39.0\opentelemetry-sdk-1.39.0.jar;C:\ProgramData\Jenkins\.jenkins\workspace\Seleniu__Maven\.repository\io\opentelemetry\opentelemetry-sdk-metrics\1.39.0\opentelemetry-sdk-metrics-1.39.0.jar;C:\ProgramData\Jenkins\.jenkins\workspace\Seleniu__Maven\.repository\io\opentelemetry\opentelemetry-sdk-logs\1.39.0\opentelemetry-sdk-logs-1.39.0.jar;C:\ProgramData\Jenkins\.jenkins\workspace\Seleniu__Maven\.repository\net\bytebuddy\byte-buddy\1.14.17\byte-buddy-1.14.17.jar;C:\ProgramData\Jenkins\.jenkins\workspace\Seleniu__Maven\.repository\org\seleniumhq\selenium\selenium-os\4.22.0\selenium-os-4.22.0.jar;C:\ProgramData\Jenkins\.jenkins\workspace\Seleniu__Maven\.repository\org\apache\commons\commons-exec\1.4.0\commons-exec-1.4.0.jar;C:\ProgramData\Jenkins\.jenkins\workspace\Seleniu__Maven\.repository\org\seleniumhq\selenium\selenium-safari-driver\4.22.0\selenium-safari-driver-4.22.0.jar;C:\ProgramData\Jenkins\.jenkins\workspace\Seleniu__Maven\.repository\org\seleniumhq\selenium\selenium-support\4.22.0\selenium-support-4.22.0.jar;C:\ProgramData\Jenkins\.jenkins\workspace\Seleniu__Maven\.repository\org\testng\testng\7.10.2\testng-7.10.2.jar;C:\ProgramData\Jenkins\.jenkins\workspace\Seleniu__Maven\.repository\org\slf4j\slf4j-api\1.7.36\slf4j-api-1.7.36.jar;C:\ProgramData\Jenkins\.jenkins\workspace\Seleniu__Maven\.repository\com\beust\jcommander\1.82\jcommander-1.82.jar;C:\ProgramData\Jenkins\.jenkins\workspace\Seleniu__Maven\.repository\org\webjars\jquery\3.7.1\jquery-3.7.1.jar;C:\ProgramData\Jenkins\.jenkins\workspace\Seleniu__Maven\.repository\junit\junit\3.8.1\junit-3.8.1.jar;C:\ProgramData\Jenkins\.jenkins\workspace\Seleniu__Maven\.repository\org\apache\poi\poi\5.3.0\poi-5.3.0.jar;C:\ProgramData\Jenkins\.jenkins\workspace\Seleniu__Maven\.repository\commons-codec\commons-codec\1.17.0\commons-codec-1.17.0.jar;C:\ProgramData\Jenkins\.jenkins\workspace\Seleniu__Maven\.repository\org\apache\commons\commons-collections4\4.4\commons-collections4-4.4.jar;C:\ProgramData\Jenkins\.jenkins\workspace\Seleniu__Maven\.repository\org\apache\commons\commons-math3\3.6.1\commons-math3-3.6.1.jar;C:\ProgramData\Jenkins\.jenkins\workspace\Seleniu__Maven\.repository\commons-io\commons-io\2.16.1\commons-io-2.16.1.jar;C:\ProgramData\Jenkins\.jenkins\workspace\Seleniu__Maven\.repository\com\zaxxer\SparseBitSet\1.3\SparseBitSet-1.3.jar;C:\ProgramData\Jenkins\.jenkins\workspace\Seleniu__Maven\.repository\org\apache\logging\log4j\log4j-api\2.23.1\log4j-api-2.23.1.jar;C:\ProgramData\Jenkins\.jenkins\workspace\Seleniu__Maven\.repository\org\apache\poi\poi-ooxml\5.3.0\poi-ooxml-5.3.0.jar;C:\ProgramData\Jenkins\.jenkins\workspace\Seleniu__Maven\.repository\org\apache\poi\poi-ooxml-lite\5.3.0\poi-ooxml-lite-5.3.0.jar;C:\ProgramData\Jenkins\.jenkins\workspace\Seleniu__Maven\.repository\org\apache\xmlbeans\xmlbeans\5.2.1\xmlbeans-5.2.1.jar;C:\ProgramData\Jenkins\.jenkins\workspace\Seleniu__Maven\.repository\org\apache\commons\commons-compress\1.26.2\commons-compress-1.26.2.jar;C:\ProgramData\Jenkins\.jenkins\workspace\Seleniu__Maven\.repository\org\apache\commons\commons-lang3\3.14.0\commons-lang3-3.14.0.jar;C:\ProgramData\Jenkins\.jenkins\workspace\Seleniu__Maven\.repository\com\github\virtuald\curvesapi\1.08\curvesapi-1.08.jar;C:\ProgramData\Jenkins\.jenkins\workspace\Seleniu__Maven\.repository\log4j\log4j\1.2.17\log4j-1.2.17.jar;C:\ProgramData\Jenkins\.jenkins\workspace\Seleniu__Maven\.repository\com\aventstack\extentreports\5.1.2\extentreports-5.1.2.jar;C:\ProgramData\Jenkins\.jenkins\workspace\Seleniu__Maven\.repository\io\reactivex\rxjava3\rxjava\3.1.6\rxjava-3.1.6.jar;C:\ProgramData\Jenkins\.jenkins\workspace\Seleniu__Maven\.repository\org\reactivestreams\reactive-streams\1.0.4\reactive-streams-1.0.4.jar;C:\ProgramData\Jenkins\.jenkins\workspace\Seleniu__Maven\.repository\org\freemarker\freemarker\2.3.32\freemarker-2.3.32.jar;C:\ProgramData\Jenkins\.jenkins\workspace\Seleniu__Maven\.repository\org\projectlombok\lombok\1.18.26\lombok-1.18.26.jar;C:\ProgramData\Jenkins\.jenkins\workspace\Seleniu__Maven\.repository\com\google\code\gson\gson\2.10.1\gson-2.10.1.jar;"/>
    <property name="java.vm.vendor" value="Oracle Corporation"/>
    <property name="sun.arch.data.model" value="64"/>
    <property name="user.variant" value=""/>
    <property name="java.vendor.url" value="https://java.oracle.com/"/>
    <property name="user.timezone" value="Asia/Calcutta"/>
    <property name="os.name" value="Windows 11"/>
    <property name="java.vm.specification.version" value="21"/>
    <property name="sun.java.launcher" value="SUN_STANDARD"/>
    <property name="user.country" value="IN"/>
    <property name="sun.boot.library.path" value="C:\Program Files\Java\jdk-21\bin"/>
    <property name="sun.java.command" value="C:\Windows\Temp\surefire15757852049211644390\surefirebooter-20240726191839007_3.jar C:\Windows\Temp\surefire15757852049211644390 2024-07-26T19-18-38_802-jvmRun1 surefire-20240726191839007_1tmp surefire_0-20240726191839007_2tmp"/>
    <property name="jdk.debug" value="release"/>
    <property name="surefire.test.class.path" value="C:\Test_Automation\software\eclipse\test\target\test-classes;C:\Test_Automation\software\eclipse\test\target\classes;C:\ProgramData\Jenkins\.jenkins\workspace\Seleniu__Maven\.repository\org\seleniumhq\selenium\selenium-java\4.22.0\selenium-java-4.22.0.jar;C:\ProgramData\Jenkins\.jenkins\workspace\Seleniu__Maven\.repository\org\seleniumhq\selenium\selenium-api\4.22.0\selenium-api-4.22.0.jar;C:\ProgramData\Jenkins\.jenkins\workspace\Seleniu__Maven\.repository\org\seleniumhq\selenium\selenium-chrome-driver\4.22.0\selenium-chrome-driver-4.22.0.jar;C:\ProgramData\Jenkins\.jenkins\workspace\Seleniu__Maven\.repository\com\google\auto\service\auto-service-annotations\1.1.1\auto-service-annotations-1.1.1.jar;C:\ProgramData\Jenkins\.jenkins\workspace\Seleniu__Maven\.repository\org\seleniumhq\selenium\selenium-chromium-driver\4.22.0\selenium-chromium-driver-4.22.0.jar;C:\ProgramData\Jenkins\.jenkins\workspace\Seleniu__Maven\.repository\org\seleniumhq\selenium\selenium-json\4.22.0\selenium-json-4.22.0.jar;C:\ProgramData\Jenkins\.jenkins\workspace\Seleniu__Maven\.repository\org\seleniumhq\selenium\selenium-manager\4.22.0\selenium-manager-4.22.0.jar;C:\ProgramData\Jenkins\.jenkins\workspace\Seleniu__Maven\.repository\org\seleniumhq\selenium\selenium-devtools-v124\4.22.0\selenium-devtools-v124-4.22.0.jar;C:\ProgramData\Jenkins\.jenkins\workspace\Seleniu__Maven\.repository\org\seleniumhq\selenium\selenium-devtools-v125\4.22.0\selenium-devtools-v125-4.22.0.jar;C:\ProgramData\Jenkins\.jenkins\workspace\Seleniu__Maven\.repository\org\seleniumhq\selenium\selenium-devtools-v126\4.22.0\selenium-devtools-v126-4.22.0.jar;C:\ProgramData\Jenkins\.jenkins\workspace\Seleniu__Maven\.repository\org\seleniumhq\selenium\selenium-devtools-v85\4.22.0\selenium-devtools-v85-4.22.0.jar;C:\ProgramData\Jenkins\.jenkins\workspace\Seleniu__Maven\.repository\org\seleniumhq\selenium\selenium-edge-driver\4.22.0\selenium-edge-driver-4.22.0.jar;C:\ProgramData\Jenkins\.jenkins\workspace\Seleniu__Maven\.repository\org\seleniumhq\selenium\selenium-firefox-driver\4.22.0\selenium-firefox-driver-4.22.0.jar;C:\ProgramData\Jenkins\.jenkins\workspace\Seleniu__Maven\.repository\org\seleniumhq\selenium\selenium-http\4.22.0\selenium-http-4.22.0.jar;C:\ProgramData\Jenkins\.jenkins\workspace\Seleniu__Maven\.repository\dev\failsafe\failsafe\3.3.2\failsafe-3.3.2.jar;C:\ProgramData\Jenkins\.jenkins\workspace\Seleniu__Maven\.repository\org\seleniumhq\selenium\selenium-ie-driver\4.22.0\selenium-ie-driver-4.22.0.jar;C:\ProgramData\Jenkins\.jenkins\workspace\Seleniu__Maven\.repository\org\seleniumhq\selenium\selenium-remote-driver\4.22.0\selenium-remote-driver-4.22.0.jar;C:\ProgramData\Jenkins\.jenkins\workspace\Seleniu__Maven\.repository\com\google\guava\guava\33.2.1-jre\guava-33.2.1-jre.jar;C:\ProgramData\Jenkins\.jenkins\workspace\Seleniu__Maven\.repository\com\google\guava\failureaccess\1.0.2\failureaccess-1.0.2.jar;C:\ProgramData\Jenkins\.jenkins\workspace\Seleniu__Maven\.repository\com\google\guava\listenablefuture\9999.0-empty-to-avoid-conflict-with-guava\listenablefuture-9999.0-empty-to-avoid-conflict-with-guava.jar;C:\ProgramData\Jenkins\.jenkins\workspace\Seleniu__Maven\.repository\com\google\code\findbugs\jsr305\3.0.2\jsr305-3.0.2.jar;C:\ProgramData\Jenkins\.jenkins\workspace\Seleniu__Maven\.repository\org\checkerframework\checker-qual\3.42.0\checker-qual-3.42.0.jar;C:\ProgramData\Jenkins\.jenkins\workspace\Seleniu__Maven\.repository\com\google\errorprone\error_prone_annotations\2.26.1\error_prone_annotations-2.26.1.jar;C:\ProgramData\Jenkins\.jenkins\workspace\Seleniu__Maven\.repository\com\google\j2objc\j2objc-annotations\3.0.0\j2objc-annotations-3.0.0.jar;C:\ProgramData\Jenkins\.jenkins\workspace\Seleniu__Maven\.repository\io\opentelemetry\semconv\opentelemetry-semconv\1.25.0-alpha\opentelemetry-semconv-1.25.0-alpha.jar;C:\ProgramData\Jenkins\.jenkins\workspace\Seleniu__Maven\.repository\io\opentelemetry\opentelemetry-api\1.39.0\opentelemetry-api-1.39.0.jar;C:\ProgramData\Jenkins\.jenkins\workspace\Seleniu__Maven\.repository\io\opentelemetry\opentelemetry-context\1.39.0\opentelemetry-context-1.39.0.jar;C:\ProgramData\Jenkins\.jenkins\workspace\Seleniu__Maven\.repository\io\opentelemetry\opentelemetry-exporter-logging\1.39.0\opentelemetry-exporter-logging-1.39.0.jar;C:\ProgramData\Jenkins\.jenkins\workspace\Seleniu__Maven\.repository\io\opentelemetry\opentelemetry-sdk-common\1.39.0\opentelemetry-sdk-common-1.39.0.jar;C:\ProgramData\Jenkins\.jenkins\workspace\Seleniu__Maven\.repository\io\opentelemetry\opentelemetry-sdk-extension-autoconfigure-spi\1.39.0\opentelemetry-sdk-extension-autoconfigure-spi-1.39.0.jar;C:\ProgramData\Jenkins\.jenkins\workspace\Seleniu__Maven\.repository\io\opentelemetry\opentelemetry-sdk-extension-autoconfigure\1.39.0\opentelemetry-sdk-extension-autoconfigure-1.39.0.jar;C:\ProgramData\Jenkins\.jenkins\workspace\Seleniu__Maven\.repository\io\opentelemetry\opentelemetry-api-incubator\1.39.0-alpha\opentelemetry-api-incubator-1.39.0-alpha.jar;C:\ProgramData\Jenkins\.jenkins\workspace\Seleniu__Maven\.repository\io\opentelemetry\opentelemetry-sdk-trace\1.39.0\opentelemetry-sdk-trace-1.39.0.jar;C:\ProgramData\Jenkins\.jenkins\workspace\Seleniu__Maven\.repository\io\opentelemetry\opentelemetry-sdk\1.39.0\opentelemetry-sdk-1.39.0.jar;C:\ProgramData\Jenkins\.jenkins\workspace\Seleniu__Maven\.repository\io\opentelemetry\opentelemetry-sdk-metrics\1.39.0\opentelemetry-sdk-metrics-1.39.0.jar;C:\ProgramData\Jenkins\.jenkins\workspace\Seleniu__Maven\.repository\io\opentelemetry\opentelemetry-sdk-logs\1.39.0\opentelemetry-sdk-logs-1.39.0.jar;C:\ProgramData\Jenkins\.jenkins\workspace\Seleniu__Maven\.repository\net\bytebuddy\byte-buddy\1.14.17\byte-buddy-1.14.17.jar;C:\ProgramData\Jenkins\.jenkins\workspace\Seleniu__Maven\.repository\org\seleniumhq\selenium\selenium-os\4.22.0\selenium-os-4.22.0.jar;C:\ProgramData\Jenkins\.jenkins\workspace\Seleniu__Maven\.repository\org\apache\commons\commons-exec\1.4.0\commons-exec-1.4.0.jar;C:\ProgramData\Jenkins\.jenkins\workspace\Seleniu__Maven\.repository\org\seleniumhq\selenium\selenium-safari-driver\4.22.0\selenium-safari-driver-4.22.0.jar;C:\ProgramData\Jenkins\.jenkins\workspace\Seleniu__Maven\.repository\org\seleniumhq\selenium\selenium-support\4.22.0\selenium-support-4.22.0.jar;C:\ProgramData\Jenkins\.jenkins\workspace\Seleniu__Maven\.repository\org\testng\testng\7.10.2\testng-7.10.2.jar;C:\ProgramData\Jenkins\.jenkins\workspace\Seleniu__Maven\.repository\org\slf4j\slf4j-api\1.7.36\slf4j-api-1.7.36.jar;C:\ProgramData\Jenkins\.jenkins\workspace\Seleniu__Maven\.repository\com\beust\jcommander\1.82\jcommander-1.82.jar;C:\ProgramData\Jenkins\.jenkins\workspace\Seleniu__Maven\.repository\org\webjars\jquery\3.7.1\jquery-3.7.1.jar;C:\ProgramData\Jenkins\.jenkins\workspace\Seleniu__Maven\.repository\junit\junit\3.8.1\junit-3.8.1.jar;C:\ProgramData\Jenkins\.jenkins\workspace\Seleniu__Maven\.repository\org\apache\poi\poi\5.3.0\poi-5.3.0.jar;C:\ProgramData\Jenkins\.jenkins\workspace\Seleniu__Maven\.repository\commons-codec\commons-codec\1.17.0\commons-codec-1.17.0.jar;C:\ProgramData\Jenkins\.jenkins\workspace\Seleniu__Maven\.repository\org\apache\commons\commons-collections4\4.4\commons-collections4-4.4.jar;C:\ProgramData\Jenkins\.jenkins\workspace\Seleniu__Maven\.repository\org\apache\commons\commons-math3\3.6.1\commons-math3-3.6.1.jar;C:\ProgramData\Jenkins\.jenkins\workspace\Seleniu__Maven\.repository\commons-io\commons-io\2.16.1\commons-io-2.16.1.jar;C:\ProgramData\Jenkins\.jenkins\workspace\Seleniu__Maven\.repository\com\zaxxer\SparseBitSet\1.3\SparseBitSet-1.3.jar;C:\ProgramData\Jenkins\.jenkins\workspace\Seleniu__Maven\.repository\org\apache\logging\log4j\log4j-api\2.23.1\log4j-api-2.23.1.jar;C:\ProgramData\Jenkins\.jenkins\workspace\Seleniu__Maven\.repository\org\apache\poi\poi-ooxml\5.3.0\poi-ooxml-5.3.0.jar;C:\ProgramData\Jenkins\.jenkins\workspace\Seleniu__Maven\.repository\org\apache\poi\poi-ooxml-lite\5.3.0\poi-ooxml-lite-5.3.0.jar;C:\ProgramData\Jenkins\.jenkins\workspace\Seleniu__Maven\.repository\org\apache\xmlbeans\xmlbeans\5.2.1\xmlbeans-5.2.1.jar;C:\ProgramData\Jenkins\.jenkins\workspace\Seleniu__Maven\.repository\org\apache\commons\commons-compress\1.26.2\commons-compress-1.26.2.jar;C:\ProgramData\Jenkins\.jenkins\workspace\Seleniu__Maven\.repository\org\apache\commons\commons-lang3\3.14.0\commons-lang3-3.14.0.jar;C:\ProgramData\Jenkins\.jenkins\workspace\Seleniu__Maven\.repository\com\github\virtuald\curvesapi\1.08\curvesapi-1.08.jar;C:\ProgramData\Jenkins\.jenkins\workspace\Seleniu__Maven\.repository\log4j\log4j\1.2.17\log4j-1.2.17.jar;C:\ProgramData\Jenkins\.jenkins\workspace\Seleniu__Maven\.repository\com\aventstack\extentreports\5.1.2\extentreports-5.1.2.jar;C:\ProgramData\Jenkins\.jenkins\workspace\Seleniu__Maven\.repository\io\reactivex\rxjava3\rxjava\3.1.6\rxjava-3.1.6.jar;C:\ProgramData\Jenkins\.jenkins\workspace\Seleniu__Maven\.repository\org\reactivestreams\reactive-streams\1.0.4\reactive-streams-1.0.4.jar;C:\ProgramData\Jenkins\.jenkins\workspace\Seleniu__Maven\.repository\org\freemarker\freemarker\2.3.32\freemarker-2.3.32.jar;C:\ProgramData\Jenkins\.jenkins\workspace\Seleniu__Maven\.repository\org\projectlombok\lombok\1.18.26\lombok-1.18.26.jar;C:\ProgramData\Jenkins\.jenkins\workspace\Seleniu__Maven\.repository\com\google\code\gson\gson\2.10.1\gson-2.10.1.jar;"/>
    <property name="sun.cpu.endian" value="little"/>
    <property name="user.home" value="C:\WINDOWS\system32\config\systemprofile"/>
    <property name="user.language" value="en"/>
    <property name="java.specification.vendor" value="Oracle Corporation"/>
    <property name="java.version.date" value="2024-04-16"/>
    <property name="java.home" value="C:\Program Files\Java\jdk-21"/>
    <property name="file.separator" value="\"/>
    <property name="basedir" value="C:\Test_Automation\software\eclipse\test"/>
    <property name="java.vm.compressedOopsMode" value="Zero based"/>
    <property name="line.separator" value="&#10;"/>
    <property name="java.vm.specification.vendor" value="Oracle Corporation"/>
    <property name="java.specification.name" value="Java Platform API Specification"/>
    <property name="surefire.real.class.path" value="C:\Windows\Temp\surefire15757852049211644390\surefirebooter-20240726191839007_3.jar"/>
    <property name="user.script" value=""/>
    <property name="sun.management.compiler" value="HotSpot 64-Bit Tiered Compilers"/>
    <property name="java.runtime.version" value="21.0.3+7-LTS-152"/>
    <property name="user.name" value="DHANVITHA$"/>
    <property name="stdout.encoding" value="Cp1252"/>
    <property name="path.separator" value=";"/>
    <property name="os.version" value="10.0"/>
    <property name="java.runtime.name" value="Java(TM) SE Runtime Environment"/>
    <property name="file.encoding" value="UTF-8"/>
    <property name="java.vm.name" value="Java HotSpot(TM) 64-Bit Server VM"/>
    <property name="localRepository" value="C:\ProgramData\Jenkins\.jenkins\workspace\Seleniu__Maven\.repository"/>
    <property name="java.vendor.url.bug" value="https://bugreport.java.com/bugreport/"/>
    <property name="java.io.tmpdir" value="C:\WINDOWS\TEMP\"/>
    <property name="java.version" value="21.0.3"/>
    <property name="user.dir" value="C:\Test_Automation\software\eclipse\test"/>
    <property name="os.arch" value="amd64"/>
    <property name="java.vm.specification.name" value="Java Virtual Machine Specification"/>
    <property name="sun.os.patch.level" value=""/>
    <property name="native.encoding" value="Cp1252"/>
    <property name="java.library.path" value="C:\Program Files\Java\jdk-21\bin;C:\WINDOWS\Sun\Java\bin;C:\WINDOWS\system32;C:\WINDOWS;C:\ProgramData\Jenkins\.jenkins\tools\hudson.tasks.Maven_MavenInstallation\maven_3.9.8/bin;C:\Program Files\Common Files\Oracle\Java\javapath;C:\Program Files (x86)\Common Files\Oracle\Java\java8path;C:\Program Files (x86)\Common Files\Oracle\Java\javapath;C:\WINDOWS\system32;C:\WINDOWS;C:\WINDOWS\System32\Wbem;C:\WINDOWS\System32\WindowsPowerShell\v1.0\;C:\WINDOWS\System32\OpenSSH\;C:\Program Files (x86)\Java\jre-1.8\bin;C:\apache-maven-3.9.8\bin;C:\Program Files\Java\jdk-21;C:\Program Files\Git\cmd;C:\WINDOWS\system32\config\systemprofile\AppData\Local\Microsoft\WindowsApps;."/>
    <property name="java.vm.info" value="mixed mode, sharing"/>
    <property name="stderr.encoding" value="Cp1252"/>
    <property name="java.vendor" value="Oracle Corporation"/>
    <property name="java.vm.version" value="21.0.3+7-LTS-152"/>
    <property name="sun.io.unicode.encoding" value="UnicodeLittle"/>
    <property name="maven.repo.local" value="C:\ProgramData\Jenkins\.jenkins\workspace\Seleniu__Maven\.repository"/>
    <property name="java.class.version" value="65.0"/>
  </properties>
  <testcase name="f" classname="POM.FDCalcenq" time="1.756">
    <system-out><![CDATA[java.io.FileInputStream@ba2f4ec
]]></system-out>
    <system-err><![CDATA[SLF4J: Failed to load class "org.slf4j.impl.StaticLoggerBinder".
SLF4J: Defaulting to no-operation (NOP) logger implementation
SLF4J: See http://www.slf4j.org/codes.html#StaticLoggerBinder for further details.
]]></system-err>
  </testcase>
  <testcase name="test" classname="POM.Implicit" time="2.788">
    <system-out><![CDATA[Base class
Demo Guru99 Page
]]></system-out>
  </testcase>
</testsuite>