<?xml version="1.0" encoding="UTF-8"?>
<!-- Generated by org.testng.reporters.JUnitReportReporter -->
<testsuite hostname="Dhanvitha" failures="0" tests="1" name="POM.Implicit" time="1.208" errors="0" timestamp="2024-07-26T15:32:05 IST" skipped="0">
  <testcase classname="POM.Implicit" name="test" time="1.208"/>
</testsuite> <!-- POM.Implicit -->
