<?xml version="1.0" encoding="UTF-8"?>
<!-- Generated by org.testng.reporters.JUnitReportReporter -->
<testsuite hostname="Dhanvitha" failures="0" tests="1" name="POM.FDCalcenq" time="1.501" errors="0" timestamp="2024-07-24T12:13:10 IST" skipped="0">
  <testcase classname="POM.FDCalcenq" name="f" time="1.501"/>
</testsuite> <!-- POM.FDCalcenq -->
