<?xml version="1.0" encoding="UTF-8"?>
<!-- Generated by org.testng.reporters.JUnitReportReporter -->
<testsuite hostname="Dhanvitha" failures="0" tests="1" name="POM.Implicit" time="22.980" errors="0" timestamp="2024-07-26T19:14:50 IST" skipped="0">
  <testcase classname="POM.Implicit" name="test" time="22.980"/>
</testsuite> <!-- POM.Implicit -->
