<?xml version="1.0" encoding="UTF-8"?>
<!-- Generated by org.testng.reporters.JUnitReportReporter -->
<testsuite hostname="Dhanvitha" failures="0" tests="1" name="POM.Implicit" time="6.753" errors="0" timestamp="2024-07-24T22:26:08 IST" skipped="0">
  <testcase classname="POM.Implicit" name="test" time="6.753"/>
</testsuite> <!-- POM.Implicit -->
